<?xml version="1.0" encoding="UTF-8"?>
<!-- Generated by org.testng.reporters.JUnitXMLReporter -->
<testsuite ignored="0" hostname="Nandu-Laptop" failures="4" tests="13" name="Test1" time="94.894" errors="0" timestamp="2022-05-16T12:48:54 EDT">
  <testcase classname="com.dsalgo.TestCases.Tc_GetStarted_001" name="getstarted" time="2.067"/>
  <testcase classname="com.dsalgo.TestCases.Tc_Signin_003" name="signin" time="3.238"/>
  <testcase classname="com.dsalgo.TestCases.Tc_Arrays_004" name="Arrays" time="18.465"/>
  <testcase classname="com.dsalgo.TestCases.Tc_Queue_005" name="Queue" time="2.964"/>
  <testcase classname="com.dsalgo.TestCases.Tc_Queue_005" name="Queue1" time="5.101"/>
  <testcase classname="com.dsalgo.TestCases.Tc_Queue_005" name="Queue2" time="4.277"/>
  <testcase classname="com.dsalgo.TestCases.Tc_Queue_005" name="Queue3" time="4.297"/>
  <testcase classname="com.dsalgo.TestCases.Tc_Queue_005" name="Queue4" time="4.575"/>
  <testcase classname="com.dsalgo.TestCases.Tc_SigninFail_003" name="signinfail" time="3.237">
    <failure type="java.lang.AssertionError">
      <![CDATA[java.lang.AssertionError
at org.junit.Assert.fail(Assert.java:87)
at org.junit.Assert.assertTrue(Assert.java:42)
at org.junit.Assert.assertTrue(Assert.java:53)
at com.dsalgo.TestCases.Tc_SigninFail_003.signinfail(Tc_SigninFail_003.java:29)
at java.base/java.util.ArrayList.forEach(ArrayList.java:1511)
... Removed 27 stack frames]]>
    </failure>
  </testcase> <!-- signinfail -->
  <testcase classname="com.dsalgo.TestCases.TC_signinDDT_003" name="signinddt" time="3.23"/>
  <testcase classname="com.dsalgo.TestCases.TC_signinDDT_003" name="signinddt" time="1.121">
    <failure type="java.lang.AssertionError">
      <![CDATA[java.lang.AssertionError
at org.junit.Assert.fail(Assert.java:87)
at org.junit.Assert.assertTrue(Assert.java:42)
at org.junit.Assert.assertTrue(Assert.java:53)
at com.dsalgo.TestCases.TC_signinDDT_003.signinddt(TC_signinDDT_003.java:33)
at java.base/java.util.ArrayList.forEach(ArrayList.java:1511)
... Removed 27 stack frames]]>
    </failure>
  </testcase> <!-- signinddt -->
  <testcase classname="com.dsalgo.TestCases.TC_signinDDT_003" name="signinddt" time="1.026">
    <failure type="java.lang.AssertionError">
      <![CDATA[java.lang.AssertionError
at org.junit.Assert.fail(Assert.java:87)
at org.junit.Assert.assertTrue(Assert.java:42)
at org.junit.Assert.assertTrue(Assert.java:53)
at com.dsalgo.TestCases.TC_signinDDT_003.signinddt(TC_signinDDT_003.java:33)
at java.base/java.util.ArrayList.forEach(ArrayList.java:1511)
... Removed 27 stack frames]]>
    </failure>
  </testcase> <!-- signinddt -->
  <testcase classname="com.dsalgo.TestCases.TC_signinDDT_003" name="signinddt" time="0.884">
    <failure type="java.lang.AssertionError">
      <![CDATA[java.lang.AssertionError
at org.junit.Assert.fail(Assert.java:87)
at org.junit.Assert.assertTrue(Assert.java:42)
at org.junit.Assert.assertTrue(Assert.java:53)
at com.dsalgo.TestCases.TC_signinDDT_003.signinddt(TC_signinDDT_003.java:33)
at java.base/java.util.ArrayList.forEach(ArrayList.java:1511)
... Removed 27 stack frames]]>
    </failure>
  </testcase> <!-- signinddt -->
</testsuite> <!-- Test1 -->
