<?xml version="1.0" encoding="UTF-8"?>
<testng-results ignored="0" total="13" passed="9" failed="4" skipped="0">
  <reporter-output>
  </reporter-output>
  <suite started-at="2022-05-16T15:39:17 EDT" name="Ds-Algo" finished-at="2022-05-16T15:40:28 EDT" duration-ms="70871">
    <groups>
    </groups>
    <test started-at="2022-05-16T15:39:17 EDT" name="Test" finished-at="2022-05-16T15:40:28 EDT" duration-ms="70871">
      <class name="com.dsalgo.TestCases.TC_signinDDT_003">
        <test-method is-config="true" signature="setup(java.lang.String)[pri:0, instance:com.dsalgo.TestCases.TC_signinDDT_003@6f204a1a]" started-at="2022-05-16T15:40:19 EDT" name="setup" finished-at="2022-05-16T15:40:21 EDT" duration-ms="2085" status="PASS">
          <params>
            <param index="0">
              <value>
                <![CDATA[chrome]]>
              </value>
            </param>
          </params>
          <reporter-output>
          </reporter-output>
        </test-method> <!-- setup -->
        <test-method signature="signinddt(java.lang.String,java.lang.String)[pri:0, instance:com.dsalgo.TestCases.TC_signinDDT_003@6f204a1a]" started-at="2022-05-16T15:40:22 EDT" name="signinddt" data-provider="LoginData" finished-at="2022-05-16T15:40:25 EDT" duration-ms="2684" status="PASS">
          <params>
            <param index="0">
              <value>
                <![CDATA[anita1]]>
              </value>
            </param>
            <param index="1">
              <value>
                <![CDATA[Horse@182]]>
              </value>
            </param>
          </params>
          <reporter-output>
          </reporter-output>
        </test-method> <!-- signinddt -->
        <test-method signature="signinddt(java.lang.String,java.lang.String)[pri:0, instance:com.dsalgo.TestCases.TC_signinDDT_003@6f204a1a]" started-at="2022-05-16T15:40:25 EDT" name="signinddt" data-provider="LoginData" finished-at="2022-05-16T15:40:26 EDT" duration-ms="977" status="FAIL">
          <params>
            <param index="0">
              <value>
                <![CDATA[abcd1]]>
              </value>
            </param>
            <param index="1">
              <value>
                <![CDATA[asdrjf@1]]>
              </value>
            </param>
          </params>
          <exception class="java.lang.AssertionError">
            <full-stacktrace>
              <![CDATA[java.lang.AssertionError
at org.junit.Assert.fail(Assert.java:87)
at org.junit.Assert.assertTrue(Assert.java:42)
at org.junit.Assert.assertTrue(Assert.java:53)
at com.dsalgo.TestCases.TC_signinDDT_003.signinddt(TC_signinDDT_003.java:33)
at java.base/jdk.internal.reflect.NativeMethodAccessorImpl.invoke0(Native Method)
at java.base/jdk.internal.reflect.NativeMethodAccessorImpl.invoke(NativeMethodAccessorImpl.java:77)
at java.base/jdk.internal.reflect.DelegatingMethodAccessorImpl.invoke(DelegatingMethodAccessorImpl.java:43)
at java.base/java.lang.reflect.Method.invoke(Method.java:568)
at org.testng.internal.MethodInvocationHelper.invokeMethod(MethodInvocationHelper.java:133)
at org.testng.internal.TestInvoker.invokeMethod(TestInvoker.java:598)
at org.testng.internal.TestInvoker.invokeTestMethod(TestInvoker.java:173)
at org.testng.internal.MethodRunner.runInSequence(MethodRunner.java:46)
at org.testng.internal.TestInvoker$MethodInvocationAgent.invoke(TestInvoker.java:824)
at org.testng.internal.TestInvoker.invokeTestMethods(TestInvoker.java:146)
at org.testng.internal.TestMethodWorker.invokeTestMethods(TestMethodWorker.java:146)
at org.testng.internal.TestMethodWorker.run(TestMethodWorker.java:128)
at java.base/java.util.ArrayList.forEach(ArrayList.java:1511)
at org.testng.TestRunner.privateRun(TestRunner.java:794)
at org.testng.TestRunner.run(TestRunner.java:596)
at org.testng.SuiteRunner.runTest(SuiteRunner.java:377)
at org.testng.SuiteRunner.runSequentially(SuiteRunner.java:371)
at org.testng.SuiteRunner.privateRun(SuiteRunner.java:332)
at org.testng.SuiteRunner.run(SuiteRunner.java:276)
at org.testng.SuiteRunnerWorker.runSuite(SuiteRunnerWorker.java:53)
at org.testng.SuiteRunnerWorker.run(SuiteRunnerWorker.java:96)
at org.testng.TestNG.runSuitesSequentially(TestNG.java:1212)
at org.testng.TestNG.runSuitesLocally(TestNG.java:1134)
at org.testng.TestNG.runSuites(TestNG.java:1063)
at org.testng.TestNG.run(TestNG.java:1031)
at org.testng.remote.AbstractRemoteTestNG.run(AbstractRemoteTestNG.java:115)
at org.testng.remote.RemoteTestNG.initAndRun(RemoteTestNG.java:251)
at org.testng.remote.RemoteTestNG.main(RemoteTestNG.java:77)
]]>
            </full-stacktrace>
          </exception> <!-- java.lang.AssertionError -->
          <reporter-output>
          </reporter-output>
        </test-method> <!-- signinddt -->
        <test-method signature="signinddt(java.lang.String,java.lang.String)[pri:0, instance:com.dsalgo.TestCases.TC_signinDDT_003@6f204a1a]" started-at="2022-05-16T15:40:26 EDT" name="signinddt" data-provider="LoginData" finished-at="2022-05-16T15:40:27 EDT" duration-ms="1021" status="FAIL">
          <params>
            <param index="0">
              <value>
                <![CDATA[anita12]]>
              </value>
            </param>
            <param index="1">
              <value>
                <![CDATA[hdufnf@2]]>
              </value>
            </param>
          </params>
          <exception class="java.lang.AssertionError">
            <full-stacktrace>
              <![CDATA[java.lang.AssertionError
at org.junit.Assert.fail(Assert.java:87)
at org.junit.Assert.assertTrue(Assert.java:42)
at org.junit.Assert.assertTrue(Assert.java:53)
at com.dsalgo.TestCases.TC_signinDDT_003.signinddt(TC_signinDDT_003.java:33)
at java.base/jdk.internal.reflect.NativeMethodAccessorImpl.invoke0(Native Method)
at java.base/jdk.internal.reflect.NativeMethodAccessorImpl.invoke(NativeMethodAccessorImpl.java:77)
at java.base/jdk.internal.reflect.DelegatingMethodAccessorImpl.invoke(DelegatingMethodAccessorImpl.java:43)
at java.base/java.lang.reflect.Method.invoke(Method.java:568)
at org.testng.internal.MethodInvocationHelper.invokeMethod(MethodInvocationHelper.java:133)
at org.testng.internal.TestInvoker.invokeMethod(TestInvoker.java:598)
at org.testng.internal.TestInvoker.invokeTestMethod(TestInvoker.java:173)
at org.testng.internal.MethodRunner.runInSequence(MethodRunner.java:46)
at org.testng.internal.TestInvoker$MethodInvocationAgent.invoke(TestInvoker.java:824)
at org.testng.internal.TestInvoker.invokeTestMethods(TestInvoker.java:146)
at org.testng.internal.TestMethodWorker.invokeTestMethods(TestMethodWorker.java:146)
at org.testng.internal.TestMethodWorker.run(TestMethodWorker.java:128)
at java.base/java.util.ArrayList.forEach(ArrayList.java:1511)
at org.testng.TestRunner.privateRun(TestRunner.java:794)
at org.testng.TestRunner.run(TestRunner.java:596)
at org.testng.SuiteRunner.runTest(SuiteRunner.java:377)
at org.testng.SuiteRunner.runSequentially(SuiteRunner.java:371)
at org.testng.SuiteRunner.privateRun(SuiteRunner.java:332)
at org.testng.SuiteRunner.run(SuiteRunner.java:276)
at org.testng.SuiteRunnerWorker.runSuite(SuiteRunnerWorker.java:53)
at org.testng.SuiteRunnerWorker.run(SuiteRunnerWorker.java:96)
at org.testng.TestNG.runSuitesSequentially(TestNG.java:1212)
at org.testng.TestNG.runSuitesLocally(TestNG.java:1134)
at org.testng.TestNG.runSuites(TestNG.java:1063)
at org.testng.TestNG.run(TestNG.java:1031)
at org.testng.remote.AbstractRemoteTestNG.run(AbstractRemoteTestNG.java:115)
at org.testng.remote.RemoteTestNG.initAndRun(RemoteTestNG.java:251)
at org.testng.remote.RemoteTestNG.main(RemoteTestNG.java:77)
]]>
            </full-stacktrace>
          </exception> <!-- java.lang.AssertionError -->
          <reporter-output>
          </reporter-output>
        </test-method> <!-- signinddt -->
        <test-method signature="signinddt(java.lang.String,java.lang.String)[pri:0, instance:com.dsalgo.TestCases.TC_signinDDT_003@6f204a1a]" started-at="2022-05-16T15:40:27 EDT" name="signinddt" data-provider="LoginData" finished-at="2022-05-16T15:40:28 EDT" duration-ms="1030" status="FAIL">
          <params>
            <param index="0">
              <value>
                <![CDATA[sgsdsvdhs]]>
              </value>
            </param>
            <param index="1">
              <value>
                <![CDATA[Horse@182]]>
              </value>
            </param>
          </params>
          <exception class="java.lang.AssertionError">
            <full-stacktrace>
              <![CDATA[java.lang.AssertionError
at org.junit.Assert.fail(Assert.java:87)
at org.junit.Assert.assertTrue(Assert.java:42)
at org.junit.Assert.assertTrue(Assert.java:53)
at com.dsalgo.TestCases.TC_signinDDT_003.signinddt(TC_signinDDT_003.java:33)
at java.base/jdk.internal.reflect.NativeMethodAccessorImpl.invoke0(Native Method)
at java.base/jdk.internal.reflect.NativeMethodAccessorImpl.invoke(NativeMethodAccessorImpl.java:77)
at java.base/jdk.internal.reflect.DelegatingMethodAccessorImpl.invoke(DelegatingMethodAccessorImpl.java:43)
at java.base/java.lang.reflect.Method.invoke(Method.java:568)
at org.testng.internal.MethodInvocationHelper.invokeMethod(MethodInvocationHelper.java:133)
at org.testng.internal.TestInvoker.invokeMethod(TestInvoker.java:598)
at org.testng.internal.TestInvoker.invokeTestMethod(TestInvoker.java:173)
at org.testng.internal.MethodRunner.runInSequence(MethodRunner.java:46)
at org.testng.internal.TestInvoker$MethodInvocationAgent.invoke(TestInvoker.java:824)
at org.testng.internal.TestInvoker.invokeTestMethods(TestInvoker.java:146)
at org.testng.internal.TestMethodWorker.invokeTestMethods(TestMethodWorker.java:146)
at org.testng.internal.TestMethodWorker.run(TestMethodWorker.java:128)
at java.base/java.util.ArrayList.forEach(ArrayList.java:1511)
at org.testng.TestRunner.privateRun(TestRunner.java:794)
at org.testng.TestRunner.run(TestRunner.java:596)
at org.testng.SuiteRunner.runTest(SuiteRunner.java:377)
at org.testng.SuiteRunner.runSequentially(SuiteRunner.java:371)
at org.testng.SuiteRunner.privateRun(SuiteRunner.java:332)
at org.testng.SuiteRunner.run(SuiteRunner.java:276)
at org.testng.SuiteRunnerWorker.runSuite(SuiteRunnerWorker.java:53)
at org.testng.SuiteRunnerWorker.run(SuiteRunnerWorker.java:96)
at org.testng.TestNG.runSuitesSequentially(TestNG.java:1212)
at org.testng.TestNG.runSuitesLocally(TestNG.java:1134)
at org.testng.TestNG.runSuites(TestNG.java:1063)
at org.testng.TestNG.run(TestNG.java:1031)
at org.testng.remote.AbstractRemoteTestNG.run(AbstractRemoteTestNG.java:115)
at org.testng.remote.RemoteTestNG.initAndRun(RemoteTestNG.java:251)
at org.testng.remote.RemoteTestNG.main(RemoteTestNG.java:77)
]]>
            </full-stacktrace>
          </exception> <!-- java.lang.AssertionError -->
          <reporter-output>
          </reporter-output>
        </test-method> <!-- signinddt -->
        <test-method is-config="true" signature="teardown()[pri:0, instance:com.dsalgo.TestCases.TC_signinDDT_003@6f204a1a]" started-at="2022-05-16T15:40:28 EDT" name="teardown" finished-at="2022-05-16T15:40:28 EDT" duration-ms="377" status="PASS">
          <reporter-output>
          </reporter-output>
        </test-method> <!-- teardown -->
      </class> <!-- com.dsalgo.TestCases.TC_signinDDT_003 -->
      <class name="com.dsalgo.TestCases.Tc_SigninFail_003">
        <test-method is-config="true" signature="setup(java.lang.String)[pri:0, instance:com.dsalgo.TestCases.Tc_SigninFail_003@2a8448fa]" started-at="2022-05-16T15:40:14 EDT" name="setup" finished-at="2022-05-16T15:40:16 EDT" duration-ms="1840" status="PASS">
          <params>
            <param index="0">
              <value>
                <![CDATA[chrome]]>
              </value>
            </param>
          </params>
          <reporter-output>
          </reporter-output>
        </test-method> <!-- setup -->
        <test-method signature="signinfail()[pri:0, instance:com.dsalgo.TestCases.Tc_SigninFail_003@2a8448fa]" started-at="2022-05-16T15:40:16 EDT" name="signinfail" finished-at="2022-05-16T15:40:18 EDT" duration-ms="2265" status="FAIL">
          <exception class="java.lang.AssertionError">
            <full-stacktrace>
              <![CDATA[java.lang.AssertionError
at org.junit.Assert.fail(Assert.java:87)
at org.junit.Assert.assertTrue(Assert.java:42)
at org.junit.Assert.assertTrue(Assert.java:53)
at com.dsalgo.TestCases.Tc_SigninFail_003.signinfail(Tc_SigninFail_003.java:29)
at java.base/jdk.internal.reflect.NativeMethodAccessorImpl.invoke0(Native Method)
at java.base/jdk.internal.reflect.NativeMethodAccessorImpl.invoke(NativeMethodAccessorImpl.java:77)
at java.base/jdk.internal.reflect.DelegatingMethodAccessorImpl.invoke(DelegatingMethodAccessorImpl.java:43)
at java.base/java.lang.reflect.Method.invoke(Method.java:568)
at org.testng.internal.MethodInvocationHelper.invokeMethod(MethodInvocationHelper.java:133)
at org.testng.internal.TestInvoker.invokeMethod(TestInvoker.java:598)
at org.testng.internal.TestInvoker.invokeTestMethod(TestInvoker.java:173)
at org.testng.internal.MethodRunner.runInSequence(MethodRunner.java:46)
at org.testng.internal.TestInvoker$MethodInvocationAgent.invoke(TestInvoker.java:824)
at org.testng.internal.TestInvoker.invokeTestMethods(TestInvoker.java:146)
at org.testng.internal.TestMethodWorker.invokeTestMethods(TestMethodWorker.java:146)
at org.testng.internal.TestMethodWorker.run(TestMethodWorker.java:128)
at java.base/java.util.ArrayList.forEach(ArrayList.java:1511)
at org.testng.TestRunner.privateRun(TestRunner.java:794)
at org.testng.TestRunner.run(TestRunner.java:596)
at org.testng.SuiteRunner.runTest(SuiteRunner.java:377)
at org.testng.SuiteRunner.runSequentially(SuiteRunner.java:371)
at org.testng.SuiteRunner.privateRun(SuiteRunner.java:332)
at org.testng.SuiteRunner.run(SuiteRunner.java:276)
at org.testng.SuiteRunnerWorker.runSuite(SuiteRunnerWorker.java:53)
at org.testng.SuiteRunnerWorker.run(SuiteRunnerWorker.java:96)
at org.testng.TestNG.runSuitesSequentially(TestNG.java:1212)
at org.testng.TestNG.runSuitesLocally(TestNG.java:1134)
at org.testng.TestNG.runSuites(TestNG.java:1063)
at org.testng.TestNG.run(TestNG.java:1031)
at org.testng.remote.AbstractRemoteTestNG.run(AbstractRemoteTestNG.java:115)
at org.testng.remote.RemoteTestNG.initAndRun(RemoteTestNG.java:251)
at org.testng.remote.RemoteTestNG.main(RemoteTestNG.java:77)
]]>
            </full-stacktrace>
          </exception> <!-- java.lang.AssertionError -->
          <reporter-output>
          </reporter-output>
        </test-method> <!-- signinfail -->
        <test-method is-config="true" signature="teardown()[pri:0, instance:com.dsalgo.TestCases.Tc_SigninFail_003@2a8448fa]" started-at="2022-05-16T15:40:18 EDT" name="teardown" finished-at="2022-05-16T15:40:19 EDT" duration-ms="390" status="PASS">
          <reporter-output>
          </reporter-output>
        </test-method> <!-- teardown -->
      </class> <!-- com.dsalgo.TestCases.Tc_SigninFail_003 -->
      <class name="com.dsalgo.TestCases.Tc_GetStarted_001">
        <test-method is-config="true" signature="setup(java.lang.String)[pri:0, instance:com.dsalgo.TestCases.Tc_GetStarted_001@5965d37]" started-at="2022-05-16T15:39:17 EDT" name="setup" finished-at="2022-05-16T15:39:23 EDT" duration-ms="5269" status="PASS">
          <params>
            <param index="0">
              <value>
                <![CDATA[chrome]]>
              </value>
            </param>
          </params>
          <reporter-output>
          </reporter-output>
        </test-method> <!-- setup -->
        <test-method signature="getstarted()[pri:0, instance:com.dsalgo.TestCases.Tc_GetStarted_001@5965d37]" started-at="2022-05-16T15:39:23 EDT" name="getstarted" finished-at="2022-05-16T15:39:24 EDT" duration-ms="1619" status="PASS">
          <reporter-output>
          </reporter-output>
        </test-method> <!-- getstarted -->
        <test-method is-config="true" signature="teardown()[pri:0, instance:com.dsalgo.TestCases.Tc_GetStarted_001@5965d37]" started-at="2022-05-16T15:39:25 EDT" name="teardown" finished-at="2022-05-16T15:39:25 EDT" duration-ms="590" status="PASS">
          <reporter-output>
          </reporter-output>
        </test-method> <!-- teardown -->
      </class> <!-- com.dsalgo.TestCases.Tc_GetStarted_001 -->
      <class name="com.dsalgo.TestCases.Tc_Queue_005">
        <test-method is-config="true" signature="setup(java.lang.String)[pri:0, instance:com.dsalgo.TestCases.Tc_Queue_005@239a307b]" started-at="2022-05-16T15:39:50 EDT" name="setup" finished-at="2022-05-16T15:39:53 EDT" duration-ms="2945" status="PASS">
          <params>
            <param index="0">
              <value>
                <![CDATA[chrome]]>
              </value>
            </param>
          </params>
          <reporter-output>
          </reporter-output>
        </test-method> <!-- setup -->
        <test-method signature="Queue()[pri:0, instance:com.dsalgo.TestCases.Tc_Queue_005@239a307b]" started-at="2022-05-16T15:39:53 EDT" name="Queue" finished-at="2022-05-16T15:39:55 EDT" duration-ms="2162" status="PASS">
          <reporter-output>
          </reporter-output>
        </test-method> <!-- Queue -->
        <test-method signature="Queue1()[pri:0, instance:com.dsalgo.TestCases.Tc_Queue_005@239a307b]" started-at="2022-05-16T15:39:55 EDT" name="Queue1" finished-at="2022-05-16T15:40:00 EDT" duration-ms="5052" status="PASS">
          <reporter-output>
          </reporter-output>
        </test-method> <!-- Queue1 -->
        <test-method signature="Queue2()[pri:0, instance:com.dsalgo.TestCases.Tc_Queue_005@239a307b]" started-at="2022-05-16T15:40:00 EDT" name="Queue2" finished-at="2022-05-16T15:40:04 EDT" duration-ms="4610" status="PASS">
          <reporter-output>
          </reporter-output>
        </test-method> <!-- Queue2 -->
        <test-method signature="Queue3()[pri:0, instance:com.dsalgo.TestCases.Tc_Queue_005@239a307b]" started-at="2022-05-16T15:40:04 EDT" name="Queue3" finished-at="2022-05-16T15:40:09 EDT" duration-ms="4141" status="PASS">
          <reporter-output>
          </reporter-output>
        </test-method> <!-- Queue3 -->
        <test-method signature="Queue4()[pri:0, instance:com.dsalgo.TestCases.Tc_Queue_005@239a307b]" started-at="2022-05-16T15:40:09 EDT" name="Queue4" finished-at="2022-05-16T15:40:14 EDT" duration-ms="4954" status="PASS">
          <reporter-output>
          </reporter-output>
        </test-method> <!-- Queue4 -->
        <test-method is-config="true" signature="teardown()[pri:0, instance:com.dsalgo.TestCases.Tc_Queue_005@239a307b]" started-at="2022-05-16T15:40:14 EDT" name="teardown" finished-at="2022-05-16T15:40:14 EDT" duration-ms="498" status="PASS">
          <reporter-output>
          </reporter-output>
        </test-method> <!-- teardown -->
      </class> <!-- com.dsalgo.TestCases.Tc_Queue_005 -->
      <class name="com.dsalgo.TestCases.Tc_Signin_003">
        <test-method is-config="true" signature="setup(java.lang.String)[pri:0, instance:com.dsalgo.TestCases.Tc_Signin_003@eadd4fb]" started-at="2022-05-16T15:39:25 EDT" name="setup" finished-at="2022-05-16T15:39:27 EDT" duration-ms="2258" status="PASS">
          <params>
            <param index="0">
              <value>
                <![CDATA[chrome]]>
              </value>
            </param>
          </params>
          <reporter-output>
          </reporter-output>
        </test-method> <!-- setup -->
        <test-method signature="signin()[pri:0, instance:com.dsalgo.TestCases.Tc_Signin_003@eadd4fb]" started-at="2022-05-16T15:39:27 EDT" name="signin" finished-at="2022-05-16T15:39:30 EDT" duration-ms="2611" status="PASS">
          <reporter-output>
          </reporter-output>
        </test-method> <!-- signin -->
        <test-method is-config="true" signature="teardown()[pri:0, instance:com.dsalgo.TestCases.Tc_Signin_003@eadd4fb]" started-at="2022-05-16T15:39:30 EDT" name="teardown" finished-at="2022-05-16T15:39:30 EDT" duration-ms="371" status="PASS">
          <reporter-output>
          </reporter-output>
        </test-method> <!-- teardown -->
      </class> <!-- com.dsalgo.TestCases.Tc_Signin_003 -->
      <class name="com.dsalgo.TestCases.Tc_Arrays_004">
        <test-method is-config="true" signature="setup(java.lang.String)[pri:0, instance:com.dsalgo.TestCases.Tc_Arrays_004@740fb309]" started-at="2022-05-16T15:39:30 EDT" name="setup" finished-at="2022-05-16T15:39:32 EDT" duration-ms="2043" status="PASS">
          <params>
            <param index="0">
              <value>
                <![CDATA[chrome]]>
              </value>
            </param>
          </params>
          <reporter-output>
          </reporter-output>
        </test-method> <!-- setup -->
        <test-method signature="Arrays()[pri:0, instance:com.dsalgo.TestCases.Tc_Arrays_004@740fb309]" started-at="2022-05-16T15:39:32 EDT" name="Arrays" finished-at="2022-05-16T15:39:49 EDT" duration-ms="16754" status="PASS">
          <reporter-output>
          </reporter-output>
        </test-method> <!-- Arrays -->
        <test-method is-config="true" signature="teardown()[pri:0, instance:com.dsalgo.TestCases.Tc_Arrays_004@740fb309]" started-at="2022-05-16T15:39:49 EDT" name="teardown" finished-at="2022-05-16T15:39:50 EDT" duration-ms="420" status="PASS">
          <reporter-output>
          </reporter-output>
        </test-method> <!-- teardown -->
      </class> <!-- com.dsalgo.TestCases.Tc_Arrays_004 -->
    </test> <!-- Test -->
  </suite> <!-- Ds-Algo -->
</testng-results>
